<?xml version="1.0" encoding="utf-8"?><testsuites name="pytest tests"><testsuite name="pytest" errors="0" failures="0" skipped="0" tests="11" time="3.309" timestamp="2026-08-11T13:49:25.838123+00:00" hostname="agent-env-3387b5ab-b218-4f5e-b3fc-5485fd254a6e"><testcase classname="tests.test_redcat_api.TestNewsletterAPI" name="test_subscribe_newsletter" time="0.289" /><testcase classname="tests.test_redcat_api.TestProductAPI" name="test_get_products_returns_4" time="0.400" /><testcase classname="tests.test_redcat_api.TestNewsletterAPI" name="test_subscribe_newsletter_duplicate_ok" time="0.110" /><testcase classname="tests.test_redcat_api.TestProductAPI" name="test_get_products_has_expected_handles" time="0.238" /><testcase classname="tests.test_redcat_api.TestProductAPI" name="test_get_products_has_prices" time="0.376" /><testcase classname="tests.test_redcat_api.TestProductAPI" name="test_get_beast_product" time="0.342" /><testcase classname="tests.test_redcat_api.TestProductAPI" name="test_get_beast_has_frame_and_lens_options" time="0.260" /><testcase classname="tests.test_redcat_api.TestProductAPI" name="test_get_roar_product" time="0.274" /><testcase classname="tests.test_redcat_api.TestProductAPI" name="test_get_leap_product" time="0.342" /><testcase classname="tests.test_redcat_api.TestProductAPI" name="test_get_strike_product" time="0.269" /><testcase classname="tests.test_redcat_api.TestProductAPI" name="test_get_nonexistent_product_404" time="0.236" /></testsuite></testsuites>